Fetched 114 stations from JCDecaux API.
Sample API response: [{'number': 42, 'contract_name': 'dublin', 'name': 'SMITHFIELD NORTH', 'address': 'Smithfield North', 'position': {'lat': 53.349562, 'lng': -6.278198}, 'banking': False, 'bonus': False, 'bike_stands': 30, 'available_bike_stands': 9, 'available_bikes': 21, 'status': 'OPEN', 'last_update': 1739580485000}, {'number': 30, 'contract_name': 'dublin', 'name': 'PARNELL SQUARE NORTH', 'address': 'Parnell Square North', 'position': {'lat': 53.3537415547453, 'lng': -6.26530144781526}, 'banking': False, 'bonus': False, 'bike_stands': 20, 'available_bike_stands': 20, 'available_bikes': 0, 'status': 'OPEN', 'last_update': 1739580468000}, {'number': 54, 'contract_name': 'dublin', 'name': 'CLONMEL STREET', 'address': 'Clonmel Street', 'position': {'lat': 53.336021, 'lng': -6.26298}, 'banking': False, 'bonus': False, 'bike_stands': 33, 'available_bike_stands': 33, 'available_bikes': 0, 'status': 'OPEN', 'last_update': 1739580076000}]
Inserting station SMITHFIELD NORTH (ID 42) into database...
Inserting station PARNELL SQUARE NORTH (ID 30) into database...
Inserting station CLONMEL STREET (ID 54) into database...
Inserting station AVONDALE ROAD (ID 108) into database...
Inserting station JAMES STREET EAST (ID 20) into database...
Inserting station MOUNT STREET LOWER (ID 56) into database...
Inserting station CHRISTCHURCH PLACE (ID 6) into database...
Inserting station GRANTHAM STREET (ID 18) into database...
Inserting station PEARSE STREET (ID 32) into database...
Inserting station YORK STREET EAST (ID 52) into database...
Inserting station EXCISE WALK (ID 48) into database...
Inserting station FITZWILLIAM SQUARE WEST (ID 13) into database...
Inserting station PORTOBELLO ROAD (ID 43) into database...
Inserting station PARNELL STREET (ID 31) into database...
Inserting station FREDERICK STREET SOUTH (ID 98) into database...
Inserting station FOWNES STREET UPPER (ID 14) into database...
Inserting station CLARENDON ROW (ID 1) into database...
Inserting station CUSTOM HOUSE (ID 23) into database...
Inserting station RATHDOWN ROAD (ID 106) into database...
Inserting station NORTH CIRCULAR ROAD (O'CONNELL'S) (ID 112) into database...
Inserting station HANOVER QUAY (ID 68) into database...
Inserting station OLIVER BOND STREET (ID 74) into database...
Inserting station COLLINS BARRACKS MUSEUM (ID 87) into database...
Inserting station BROOKFIELD ROAD (ID 84) into database...
Inserting station BENSON STREET (ID 90) into database...
Inserting station EARLSFORT TERRACE (ID 11) into database...
Inserting station GOLDEN LANE (ID 17) into database...
Inserting station DEVERELL PLACE (ID 45) into database...
Inserting station WILTON TERRACE (PARK) (ID 114) into database...
Inserting station JOHN STREET WEST (ID 72) into database...
Inserting station FENIAN STREET (ID 63) into database...
Inserting station MERRION SQUARE SOUTH (ID 113) into database...
Inserting station SOUTH DOCK ROAD (ID 91) into database...
Inserting station CITY QUAY (ID 99) into database...
Inserting station EXCHEQUER STREET (ID 9) into database...
Inserting station THE POINT (ID 67) into database...
Inserting station BROADSTONE (ID 116) into database...
Inserting station HATCH STREET (ID 55) into database...
Inserting station LIME STREET (ID 62) into database...
Inserting station CHARLEMONT PLACE (ID 5) into database...
Inserting station KILMAINHAM GAOL (ID 97) into database...
Inserting station HARDWICKE PLACE (ID 61) into database...
Inserting station WOLFE TONE STREET (ID 77) into database...
Inserting station FRANCIS STREET (ID 73) into database...
Inserting station GREEK STREET (ID 4) into database...
Inserting station GUILD STREET (ID 49) into database...
Inserting station HERBERT PLACE (ID 19) into database...
Inserting station HIGH STREET (ID 7) into database...
Inserting station NORTH CIRCULAR ROAD (ID 60) into database...
Inserting station WESTERN WAY (ID 102) into database...
Inserting station TALBOT STREET (ID 38) into database...
Inserting station NEWMAN HOUSE (ID 53) into database...
Inserting station SIR PATRICK DUN'S (ID 58) into database...
Inserting station NEW CENTRAL BANK (ID 66) into database...
Inserting station GRANGEGORMAN LOWER (CENTRAL) (ID 104) into database...
Inserting station KING STREET NORTH (ID 101) into database...
Inserting station KILLARNEY STREET (ID 115) into database...
Inserting station HERBERT STREET (ID 47) into database...
Inserting station HANOVER QUAY EAST (ID 117) into database...
Inserting station CUSTOM HOUSE QUAY (ID 8) into database...
Inserting station MOLESWORTH STREET (ID 27) into database...
Inserting station GEORGES QUAY (ID 16) into database...
Inserting station KILMAINHAM LANE (ID 96) into database...
Inserting station MOUNT BROWN (ID 82) into database...
Inserting station MARKET STREET SOUTH (ID 76) into database...
Inserting station KEVIN STREET (ID 71) into database...
Inserting station ECCLES STREET EAST (ID 79) into database...
Inserting station GRAND CANAL DOCK (ID 69) into database...
Inserting station MERRION SQUARE EAST (ID 25) into database...
Inserting station YORK STREET WEST (ID 51) into database...
Inserting station ST. STEPHEN'S GREEN SOUTH (ID 37) into database...
Inserting station DENMARK STREET GREAT (ID 59) into database...
Inserting station ROYAL HOSPITAL (ID 95) into database...
Inserting station HEUSTON STATION (CAR PARK) (ID 94) into database...
Inserting station GRANGEGORMAN LOWER (NORTH) (ID 105) into database...
Inserting station ST. STEPHEN'S GREEN EAST (ID 36) into database...
Inserting station HEUSTON STATION (CENTRAL) (ID 93) into database...
Inserting station TOWNSEND STREET (ID 22) into database...
Inserting station GEORGES LANE (ID 50) into database...
Inserting station PHIBSBOROUGH ROAD (ID 110) into database...
Inserting station ECCLES STREET (ID 12) into database...
Inserting station PORTOBELLO HARBOUR (ID 34) into database...
Inserting station MATER HOSPITAL (ID 78) into database...
Inserting station BLESSINGTON STREET (ID 2) into database...
Inserting station JAMES STREET (ID 75) into database...
Inserting station MOUNTJOY SQUARE EAST (ID 111) into database...
Inserting station MERRION SQUARE WEST (ID 26) into database...
Inserting station CONVENTION CENTRE (ID 65) into database...
Inserting station HARDWICKE STREET (ID 15) into database...
Inserting station PARKGATE STREET (ID 86) into database...
Inserting station SMITHFIELD (ID 35) into database...
Inserting station DAME STREET (ID 10) into database...
Inserting station HEUSTON BRIDGE (SOUTH) (ID 100) into database...
Inserting station CATHAL BRUGHA STREET (ID 24) into database...
Inserting station SANDWITH STREET (ID 64) into database...
Inserting station BUCKINGHAM STREET LOWER (ID 109) into database...
Inserting station ROTHE ABBEY (ID 85) into database...
Inserting station CHARLEVILLE ROAD (ID 107) into database...
Inserting station PRINCES STREET / O'CONNELL STREET (ID 33) into database...
Inserting station UPPER SHERRARD STREET (ID 44) into database...
Inserting station FITZWILLIAM SQUARE EAST (ID 89) into database...
Inserting station GRATTAN STREET (ID 57) into database...
Inserting station ST JAMES HOSPITAL (LUAS) (ID 80) into database...
Inserting station HARCOURT TERRACE (ID 41) into database...
Inserting station BOLTON STREET (ID 3) into database...
Inserting station JERVIS STREET (ID 40) into database...
Inserting station ORMOND QUAY UPPER (ID 29) into database...
Inserting station GRANGEGORMAN LOWER (SOUTH) (ID 103) into database...
Inserting station MOUNTJOY SQUARE WEST (ID 28) into database...
Inserting station WILTON TERRACE (ID 39) into database...
Inserting station EMMET ROAD (ID 83) into database...
Inserting station HEUSTON BRIDGE (NORTH) (ID 92) into database...
Inserting station LEINSTER STREET SOUTH (ID 21) into database...
Inserting station BLACKHALL PLACE (ID 88) into database...
Fetched 114 stations from JCDecaux API.
Sample API response: [{'number': 42, 'contract_name': 'dublin', 'name': 'SMITHFIELD NORTH', 'address': 'Smithfield North', 'position': {'lat': 53.349562, 'lng': -6.278198}, 'banking': False, 'bonus': False, 'bike_stands': 30, 'available_bike_stands': 9, 'available_bikes': 21, 'status': 'OPEN', 'last_update': 1739580485000}, {'number': 30, 'contract_name': 'dublin', 'name': 'PARNELL SQUARE NORTH', 'address': 'Parnell Square North', 'position': {'lat': 53.3537415547453, 'lng': -6.26530144781526}, 'banking': False, 'bonus': False, 'bike_stands': 20, 'available_bike_stands': 20, 'available_bikes': 0, 'status': 'OPEN', 'last_update': 1739580468000}, {'number': 54, 'contract_name': 'dublin', 'name': 'CLONMEL STREET', 'address': 'Clonmel Street', 'position': {'lat': 53.336021, 'lng': -6.26298}, 'banking': False, 'bonus': False, 'bike_stands': 33, 'available_bike_stands': 33, 'available_bikes': 0, 'status': 'OPEN', 'last_update': 1739580682000}]
Inserting station SMITHFIELD NORTH (ID 42) into database...
Inserting station PARNELL SQUARE NORTH (ID 30) into database...
Inserting station CLONMEL STREET (ID 54) into database...
Inserting station AVONDALE ROAD (ID 108) into database...
Inserting station JAMES STREET EAST (ID 20) into database...
Inserting station MOUNT STREET LOWER (ID 56) into database...
Inserting station CHRISTCHURCH PLACE (ID 6) into database...
Inserting station GRANTHAM STREET (ID 18) into database...
Inserting station PEARSE STREET (ID 32) into database...
Inserting station YORK STREET EAST (ID 52) into database...
Inserting station EXCISE WALK (ID 48) into database...
Inserting station FITZWILLIAM SQUARE WEST (ID 13) into database...
Inserting station PORTOBELLO ROAD (ID 43) into database...
Inserting station PARNELL STREET (ID 31) into database...
Inserting station FREDERICK STREET SOUTH (ID 98) into database...
Inserting station FOWNES STREET UPPER (ID 14) into database...
Inserting station CLARENDON ROW (ID 1) into database...
Inserting station CUSTOM HOUSE (ID 23) into database...
Inserting station RATHDOWN ROAD (ID 106) into database...
Inserting station NORTH CIRCULAR ROAD (O'CONNELL'S) (ID 112) into database...
Inserting station HANOVER QUAY (ID 68) into database...
Inserting station OLIVER BOND STREET (ID 74) into database...
Inserting station COLLINS BARRACKS MUSEUM (ID 87) into database...
Inserting station BROOKFIELD ROAD (ID 84) into database...
Inserting station BENSON STREET (ID 90) into database...
Inserting station EARLSFORT TERRACE (ID 11) into database...
Inserting station GOLDEN LANE (ID 17) into database...
Inserting station DEVERELL PLACE (ID 45) into database...
Inserting station WILTON TERRACE (PARK) (ID 114) into database...
Inserting station JOHN STREET WEST (ID 72) into database...
Inserting station FENIAN STREET (ID 63) into database...
Inserting station MERRION SQUARE SOUTH (ID 113) into database...
Inserting station SOUTH DOCK ROAD (ID 91) into database...
Inserting station CITY QUAY (ID 99) into database...
Inserting station EXCHEQUER STREET (ID 9) into database...
Inserting station THE POINT (ID 67) into database...
Inserting station BROADSTONE (ID 116) into database...
Inserting station HATCH STREET (ID 55) into database...
Inserting station LIME STREET (ID 62) into database...
Inserting station CHARLEMONT PLACE (ID 5) into database...
Inserting station KILMAINHAM GAOL (ID 97) into database...
Inserting station HARDWICKE PLACE (ID 61) into database...
Inserting station WOLFE TONE STREET (ID 77) into database...
Inserting station FRANCIS STREET (ID 73) into database...
Inserting station GREEK STREET (ID 4) into database...
Inserting station GUILD STREET (ID 49) into database...
Inserting station HERBERT PLACE (ID 19) into database...
Inserting station HIGH STREET (ID 7) into database...
Inserting station NORTH CIRCULAR ROAD (ID 60) into database...
Inserting station WESTERN WAY (ID 102) into database...
Inserting station TALBOT STREET (ID 38) into database...
Inserting station NEWMAN HOUSE (ID 53) into database...
Inserting station SIR PATRICK DUN'S (ID 58) into database...
Inserting station NEW CENTRAL BANK (ID 66) into database...
Inserting station GRANGEGORMAN LOWER (CENTRAL) (ID 104) into database...
Inserting station KING STREET NORTH (ID 101) into database...
Inserting station KILLARNEY STREET (ID 115) into database...
Inserting station HERBERT STREET (ID 47) into database...
Inserting station HANOVER QUAY EAST (ID 117) into database...
Inserting station CUSTOM HOUSE QUAY (ID 8) into database...
Inserting station MOLESWORTH STREET (ID 27) into database...
Inserting station GEORGES QUAY (ID 16) into database...
Inserting station KILMAINHAM LANE (ID 96) into database...
Inserting station MOUNT BROWN (ID 82) into database...
Inserting station MARKET STREET SOUTH (ID 76) into database...
Inserting station KEVIN STREET (ID 71) into database...
Inserting station ECCLES STREET EAST (ID 79) into database...
Inserting station GRAND CANAL DOCK (ID 69) into database...
Inserting station MERRION SQUARE EAST (ID 25) into database...
Inserting station YORK STREET WEST (ID 51) into database...
Inserting station ST. STEPHEN'S GREEN SOUTH (ID 37) into database...
Inserting station DENMARK STREET GREAT (ID 59) into database...
Inserting station ROYAL HOSPITAL (ID 95) into database...
Inserting station HEUSTON STATION (CAR PARK) (ID 94) into database...
Inserting station GRANGEGORMAN LOWER (NORTH) (ID 105) into database...
Inserting station ST. STEPHEN'S GREEN EAST (ID 36) into database...
Inserting station HEUSTON STATION (CENTRAL) (ID 93) into database...
Inserting station TOWNSEND STREET (ID 22) into database...
Inserting station GEORGES LANE (ID 50) into database...
Inserting station PHIBSBOROUGH ROAD (ID 110) into database...
Inserting station ECCLES STREET (ID 12) into database...
Inserting station PORTOBELLO HARBOUR (ID 34) into database...
Inserting station MATER HOSPITAL (ID 78) into database...
Inserting station BLESSINGTON STREET (ID 2) into database...
Inserting station JAMES STREET (ID 75) into database...
Inserting station MOUNTJOY SQUARE EAST (ID 111) into database...
Inserting station MERRION SQUARE WEST (ID 26) into database...
Inserting station CONVENTION CENTRE (ID 65) into database...
Inserting station HARDWICKE STREET (ID 15) into database...
Inserting station PARKGATE STREET (ID 86) into database...
Inserting station SMITHFIELD (ID 35) into database...
Inserting station DAME STREET (ID 10) into database...
Inserting station HEUSTON BRIDGE (SOUTH) (ID 100) into database...
Inserting station CATHAL BRUGHA STREET (ID 24) into database...
Inserting station SANDWITH STREET (ID 64) into database...
Inserting station BUCKINGHAM STREET LOWER (ID 109) into database...
Inserting station ROTHE ABBEY (ID 85) into database...
Inserting station CHARLEVILLE ROAD (ID 107) into database...
Inserting station PRINCES STREET / O'CONNELL STREET (ID 33) into database...
Inserting station UPPER SHERRARD STREET (ID 44) into database...
Inserting station FITZWILLIAM SQUARE EAST (ID 89) into database...
Inserting station GRATTAN STREET (ID 57) into database...
Inserting station ST JAMES HOSPITAL (LUAS) (ID 80) into database...
Inserting station HARCOURT TERRACE (ID 41) into database...
Inserting station BOLTON STREET (ID 3) into database...
Inserting station JERVIS STREET (ID 40) into database...
Inserting station ORMOND QUAY UPPER (ID 29) into database...
Inserting station GRANGEGORMAN LOWER (SOUTH) (ID 103) into database...
Inserting station MOUNTJOY SQUARE WEST (ID 28) into database...
Inserting station WILTON TERRACE (ID 39) into database...
Inserting station EMMET ROAD (ID 83) into database...
Inserting station HEUSTON BRIDGE (NORTH) (ID 92) into database...
Inserting station LEINSTER STREET SOUTH (ID 21) into database...
Inserting station BLACKHALL PLACE (ID 88) into database...
✅ Data inserted/updated successfully in the database!
Scheduler started. The bike data will update every hour.
Fetched 114 stations from JCDecaux API.
Data inserted/updated successfully in the database.
Scheduler started. The bike data will update every hour.
